<?xml version="1.0" encoding="UTF-8"?>
<!-- Generated by org.testng.reporters.JUnitReportReporter -->
<testsuite skipped="0" hostname="VishalKumar-Ja" name="com.testng.TestNGClassone" tests="2" failures="0" timestamp="18 May 2020 15:51:14 GMT" time="42.253" errors="0">
  <testcase name="titletest" time="19.918" classname="com.testng.TestNGClassone"/>
  <testcase name="logotest" time="22.335" classname="com.testng.TestNGClassone"/>
</testsuite> <!-- com.testng.TestNGClassone -->
