<?xml version="1.0" encoding="UTF-8"?>
<!-- Generated by org.testng.reporters.JUnitReportReporter -->
<testsuite skipped="0" hostname="VishalKumar-Ja" name="testngpackage.TestNGClass" tests="2" failures="0" timestamp="18 May 2020 10:05:35 GMT" time="0.005" errors="0">
  <testcase name="googletitletest" time="0.004" classname="testngpackage.TestNGClass"/>
  <testcase name="searchtest" time="0.001" classname="testngpackage.TestNGClass"/>
</testsuite> <!-- testngpackage.TestNGClass -->
