<?xml version="1.0" encoding="UTF-8"?>
<!-- Generated by org.testng.reporters.JUnitReportReporter -->
<testsuite skipped="0" hostname="VishalKumar-Ja" name="com.testng.TestNGClassone" tests="2" failures="0" timestamp="18 May 2020 16:47:03 GMT" time="43.251" errors="0">
  <testcase name="titletest" time="18.097" classname="com.testng.TestNGClassone"/>
  <testcase name="logotest" time="25.154" classname="com.testng.TestNGClassone"/>
</testsuite> <!-- com.testng.TestNGClassone -->
